{"level":"info","message":"Database connected successfully","service":"akazuba-florist-api","timestamp":"2025-08-14T17:57:37.418Z"}
{"level":"info","message":"🚀 Akazuba Florist API server running on port 5000","service":"akazuba-florist-api","timestamp":"2025-08-14T17:57:37.435Z"}
{"level":"info","message":"📚 API Documentation: http://localhost:5000/api-docs","service":"akazuba-florist-api","timestamp":"2025-08-14T17:57:37.443Z"}
{"level":"info","message":"🏥 Health Check: http://localhost:5000/health","service":"akazuba-florist-api","timestamp":"2025-08-14T17:57:37.444Z"}
{"level":"info","message":"Database connected successfully","service":"akazuba-florist-api","timestamp":"2025-08-16T07:39:50.941Z"}
{"level":"info","message":"🚀 Akazuba Florist API server running on port 5000","service":"akazuba-florist-api","timestamp":"2025-08-16T07:39:50.951Z"}
{"level":"info","message":"📚 API Documentation: http://localhost:5000/api-docs","service":"akazuba-florist-api","timestamp":"2025-08-16T07:39:50.951Z"}
{"level":"info","message":"🏥 Health Check: http://localhost:5000/health","service":"akazuba-florist-api","timestamp":"2025-08-16T07:39:50.952Z"}
{"level":"info","message":"SIGINT received, shutting down gracefully","service":"akazuba-florist-api","timestamp":"2025-08-16T07:58:06.755Z"}
{"level":"info","message":"Database connected successfully","service":"akazuba-florist-api","timestamp":"2025-08-16T08:00:42.015Z"}
{"level":"info","message":"🚀 Akazuba Florist API server running on port 5000","service":"akazuba-florist-api","timestamp":"2025-08-16T08:00:42.052Z"}
{"level":"info","message":"📚 API Documentation: http://localhost:5000/api-docs","service":"akazuba-florist-api","timestamp":"2025-08-16T08:00:42.058Z"}
{"level":"info","message":"🏥 Health Check: http://localhost:5000/health","service":"akazuba-florist-api","timestamp":"2025-08-16T08:00:42.065Z"}
{"level":"info","message":"Database connected successfully","service":"akazuba-florist-api","timestamp":"2025-08-16T08:07:07.294Z"}
{"level":"info","message":"🚀 Akazuba Florist API server running on port 5000","service":"akazuba-florist-api","timestamp":"2025-08-16T08:07:07.313Z"}
{"level":"info","message":"📚 API Documentation: http://localhost:5000/api-docs","service":"akazuba-florist-api","timestamp":"2025-08-16T08:07:07.317Z"}
{"level":"info","message":"🏥 Health Check: http://localhost:5000/health","service":"akazuba-florist-api","timestamp":"2025-08-16T08:07:07.318Z"}
{"level":"info","message":"SIGINT received, shutting down gracefully","service":"akazuba-florist-api","timestamp":"2025-08-16T08:07:17.494Z"}
{"level":"info","message":"Database connected successfully","service":"akazuba-florist-api","timestamp":"2025-08-16T08:11:04.287Z"}
{"level":"info","message":"🚀 Akazuba Florist API server running on port 5000","service":"akazuba-florist-api","timestamp":"2025-08-16T08:11:04.295Z"}
{"level":"info","message":"📚 API Documentation: http://localhost:5000/api-docs","service":"akazuba-florist-api","timestamp":"2025-08-16T08:11:04.296Z"}
{"level":"info","message":"🏥 Health Check: http://localhost:5000/health","service":"akazuba-florist-api","timestamp":"2025-08-16T08:11:04.296Z"}
{"level":"info","message":"SIGINT received, shutting down gracefully","service":"akazuba-florist-api","timestamp":"2025-08-16T08:14:46.272Z"}
{"level":"info","message":"Database connected successfully","service":"akazuba-florist-api","timestamp":"2025-08-16T08:20:08.093Z"}
{"level":"info","message":"🚀 Akazuba Florist API server running on port 5000","service":"akazuba-florist-api","timestamp":"2025-08-16T08:20:08.102Z"}
{"level":"info","message":"📚 API Documentation: http://localhost:5000/api-docs","service":"akazuba-florist-api","timestamp":"2025-08-16T08:20:08.103Z"}
{"level":"info","message":"🏥 Health Check: http://localhost:5000/health","service":"akazuba-florist-api","timestamp":"2025-08-16T08:20:08.103Z"}
{"level":"info","message":"Database connected successfully","service":"akazuba-florist-api","timestamp":"2025-08-16T09:12:02.183Z"}
{"level":"info","message":"🚀 Akazuba Florist API server running on port 5000","service":"akazuba-florist-api","timestamp":"2025-08-16T09:12:02.204Z"}
{"level":"info","message":"📚 API Documentation: http://localhost:5000/api-docs","service":"akazuba-florist-api","timestamp":"2025-08-16T09:12:02.205Z"}
{"level":"info","message":"🏥 Health Check: http://localhost:5000/health","service":"akazuba-florist-api","timestamp":"2025-08-16T09:12:02.208Z"}
{"level":"info","message":"Database connected successfully","service":"akazuba-florist-api","timestamp":"2025-08-16T10:19:02.627Z"}
{"level":"info","message":"🚀 Akazuba Florist API server running on port 5000","service":"akazuba-florist-api","timestamp":"2025-08-16T10:19:02.748Z"}
{"level":"info","message":"📚 API Documentation: http://localhost:5000/api-docs","service":"akazuba-florist-api","timestamp":"2025-08-16T10:19:02.848Z"}
{"level":"info","message":"🏥 Health Check: http://localhost:5000/health","service":"akazuba-florist-api","timestamp":"2025-08-16T10:19:02.990Z"}
{"level":"info","message":"Database connected successfully","service":"akazuba-florist-api","timestamp":"2025-08-16T10:21:18.262Z"}
{"level":"info","message":"🚀 Akazuba Florist API server running on port 5000","service":"akazuba-florist-api","timestamp":"2025-08-16T10:21:18.357Z"}
{"level":"info","message":"📚 API Documentation: http://localhost:5000/api-docs","service":"akazuba-florist-api","timestamp":"2025-08-16T10:21:18.437Z"}
{"level":"info","message":"🏥 Health Check: http://localhost:5000/health","service":"akazuba-florist-api","timestamp":"2025-08-16T10:21:18.554Z"}
{"level":"error","message":"Payment initiation failed: Cannot read properties of undefined (reading 'baseURL')","service":"akazuba-florist-api","stack":"TypeError: Cannot read properties of undefined (reading 'baseURL')\n    at initiatePayment (D:\\Online Shopping By Diane\\backend\\src\\controllers\\paymentController.ts:154:44)\n    at Layer.handle [as handle_request] (D:\\Online Shopping By Diane\\backend\\node_modules\\express\\lib\\router\\layer.js:95:5)\n    at next (D:\\Online Shopping By Diane\\backend\\node_modules\\express\\lib\\router\\route.js:149:13)\n    at Route.dispatch (D:\\Online Shopping By Diane\\backend\\node_modules\\express\\lib\\router\\route.js:119:3)\n    at Layer.handle [as handle_request] (D:\\Online Shopping By Diane\\backend\\node_modules\\express\\lib\\router\\layer.js:95:5)\n    at D:\\Online Shopping By Diane\\backend\\node_modules\\express\\lib\\router\\index.js:284:15\n    at Function.process_params (D:\\Online Shopping By Diane\\backend\\node_modules\\express\\lib\\router\\index.js:346:12)\n    at next (D:\\Online Shopping By Diane\\backend\\node_modules\\express\\lib\\router\\index.js:280:10)\n    at Function.handle (D:\\Online Shopping By Diane\\backend\\node_modules\\express\\lib\\router\\index.js:175:3)\n    at router (D:\\Online Shopping By Diane\\backend\\node_modules\\express\\lib\\router\\index.js:47:12)","timestamp":"2025-08-16T10:23:12.701Z"}
{"level":"info","message":"Database connected successfully","service":"akazuba-florist-api","timestamp":"2025-08-16T10:25:39.034Z"}
{"level":"info","message":"🚀 Akazuba Florist API server running on port 5000","service":"akazuba-florist-api","timestamp":"2025-08-16T10:25:39.192Z"}
{"level":"info","message":"📚 API Documentation: http://localhost:5000/api-docs","service":"akazuba-florist-api","timestamp":"2025-08-16T10:25:39.202Z"}
{"level":"info","message":"🏥 Health Check: http://localhost:5000/health","service":"akazuba-florist-api","timestamp":"2025-08-16T10:25:39.236Z"}
{"level":"info","message":"Database connected successfully","service":"akazuba-florist-api","timestamp":"2025-08-16T10:26:08.955Z"}
{"level":"info","message":"🚀 Akazuba Florist API server running on port 5000","service":"akazuba-florist-api","timestamp":"2025-08-16T10:26:09.089Z"}
{"level":"info","message":"📚 API Documentation: http://localhost:5000/api-docs","service":"akazuba-florist-api","timestamp":"2025-08-16T10:26:09.124Z"}
{"level":"info","message":"🏥 Health Check: http://localhost:5000/health","service":"akazuba-florist-api","timestamp":"2025-08-16T10:26:09.189Z"}
{"data":null,"level":"error","message":"Flutterwave API error: Invalid authorization key","service":"akazuba-florist-api","status":"error","timestamp":"2025-08-16T10:28:34.862Z"}
{"level":"info","message":"SIGINT received, shutting down gracefully","service":"akazuba-florist-api","timestamp":"2025-08-16T10:42:32.964Z"}
{"level":"info","message":"Database connected successfully","service":"akazuba-florist-api","timestamp":"2025-08-16T10:43:08.381Z"}
{"level":"info","message":"🚀 Akazuba Florist API server running on port 5000","service":"akazuba-florist-api","timestamp":"2025-08-16T10:43:08.482Z"}
{"level":"info","message":"📚 API Documentation: http://localhost:5000/api-docs","service":"akazuba-florist-api","timestamp":"2025-08-16T10:43:08.506Z"}
{"level":"info","message":"🏥 Health Check: http://localhost:5000/health","service":"akazuba-florist-api","timestamp":"2025-08-16T10:43:08.522Z"}
{"level":"info","message":"Database connected successfully","service":"akazuba-florist-api","timestamp":"2025-08-16T11:07:25.262Z"}
{"level":"info","message":"🚀 Akazuba Florist API server running on port 5000","service":"akazuba-florist-api","timestamp":"2025-08-16T11:07:25.330Z"}
{"level":"info","message":"📚 API Documentation: http://localhost:5000/api-docs","service":"akazuba-florist-api","timestamp":"2025-08-16T11:07:25.369Z"}
{"level":"info","message":"🏥 Health Check: http://localhost:5000/health","service":"akazuba-florist-api","timestamp":"2025-08-16T11:07:25.370Z"}
{"level":"info","message":"Database connected successfully","service":"akazuba-florist-api","timestamp":"2025-08-16T11:08:07.170Z"}
{"level":"info","message":"🚀 Akazuba Florist API server running on port 5000","service":"akazuba-florist-api","timestamp":"2025-08-16T11:08:07.188Z"}
{"level":"info","message":"📚 API Documentation: http://localhost:5000/api-docs","service":"akazuba-florist-api","timestamp":"2025-08-16T11:08:07.191Z"}
{"level":"info","message":"🏥 Health Check: http://localhost:5000/health","service":"akazuba-florist-api","timestamp":"2025-08-16T11:08:07.193Z"}
{"level":"info","message":"Database connected successfully","service":"akazuba-florist-api","timestamp":"2025-08-16T11:08:42.867Z"}
{"level":"info","message":"🚀 Akazuba Florist API server running on port 5000","service":"akazuba-florist-api","timestamp":"2025-08-16T11:08:42.895Z"}
{"level":"info","message":"📚 API Documentation: http://localhost:5000/api-docs","service":"akazuba-florist-api","timestamp":"2025-08-16T11:08:42.897Z"}
{"level":"info","message":"🏥 Health Check: http://localhost:5000/health","service":"akazuba-florist-api","timestamp":"2025-08-16T11:08:42.898Z"}
{"level":"info","message":"Database connected successfully","service":"akazuba-florist-api","timestamp":"2025-08-16T11:09:03.511Z"}
{"level":"info","message":"🚀 Akazuba Florist API server running on port 5000","service":"akazuba-florist-api","timestamp":"2025-08-16T11:09:03.528Z"}
{"level":"info","message":"📚 API Documentation: http://localhost:5000/api-docs","service":"akazuba-florist-api","timestamp":"2025-08-16T11:09:03.529Z"}
{"level":"info","message":"🏥 Health Check: http://localhost:5000/health","service":"akazuba-florist-api","timestamp":"2025-08-16T11:09:03.530Z"}
{"level":"info","message":"Database connected successfully","service":"akazuba-florist-api","timestamp":"2025-08-16T11:09:46.631Z"}
{"level":"info","message":"🚀 Akazuba Florist API server running on port 5000","service":"akazuba-florist-api","timestamp":"2025-08-16T11:09:46.647Z"}
{"level":"info","message":"📚 API Documentation: http://localhost:5000/api-docs","service":"akazuba-florist-api","timestamp":"2025-08-16T11:09:46.648Z"}
{"level":"info","message":"🏥 Health Check: http://localhost:5000/health","service":"akazuba-florist-api","timestamp":"2025-08-16T11:09:46.649Z"}
{"level":"error","message":"Failed to get MoMo access token: Token request failed: 401","service":"akazuba-florist-api","stack":"Error: Token request failed: 401\n    at MoMoController.getAccessToken (D:\\Online Shopping By Diane\\backend\\src\\controllers\\momoController.ts:64:15)\n    at processTicksAndRejections (node:internal/process/task_queues:105:5)\n    at async MoMoController.getAccountBalance (D:\\Online Shopping By Diane\\backend\\src\\controllers\\momoController.ts:250:21)","timestamp":"2025-08-16T11:15:19.443Z"}
{"level":"error","message":"MoMo balance check failed: Failed to authenticate with MTN MoMo API","service":"akazuba-florist-api","stack":"Error: Failed to authenticate with MTN MoMo API\n    at MoMoController.getAccessToken (D:\\Online Shopping By Diane\\backend\\src\\controllers\\momoController.ts:75:13)\n    at processTicksAndRejections (node:internal/process/task_queues:105:5)\n    at async MoMoController.getAccountBalance (D:\\Online Shopping By Diane\\backend\\src\\controllers\\momoController.ts:250:21)","timestamp":"2025-08-16T11:15:19.447Z"}
{"level":"error","message":"Failed to get MoMo access token: Token request failed: 401","service":"akazuba-florist-api","stack":"Error: Token request failed: 401\n    at MoMoController.getAccessToken (D:\\Online Shopping By Diane\\backend\\src\\controllers\\momoController.ts:64:15)\n    at processTicksAndRejections (node:internal/process/task_queues:105:5)\n    at async MoMoController.initiatePayment (D:\\Online Shopping By Diane\\backend\\src\\controllers\\momoController.ts:122:21)","timestamp":"2025-08-16T11:15:19.680Z"}
{"level":"error","message":"MoMo payment initiation failed: Failed to authenticate with MTN MoMo API","service":"akazuba-florist-api","stack":"Error: Failed to authenticate with MTN MoMo API\n    at MoMoController.getAccessToken (D:\\Online Shopping By Diane\\backend\\src\\controllers\\momoController.ts:75:13)\n    at processTicksAndRejections (node:internal/process/task_queues:105:5)\n    at async MoMoController.initiatePayment (D:\\Online Shopping By Diane\\backend\\src\\controllers\\momoController.ts:122:21)","timestamp":"2025-08-16T11:15:19.683Z"}
{"level":"info","message":"Database connected successfully","service":"akazuba-florist-api","timestamp":"2025-08-16T11:17:09.419Z"}
{"level":"info","message":"🚀 Akazuba Florist API server running on port 5000","service":"akazuba-florist-api","timestamp":"2025-08-16T11:17:09.440Z"}
{"level":"info","message":"📚 API Documentation: http://localhost:5000/api-docs","service":"akazuba-florist-api","timestamp":"2025-08-16T11:17:09.442Z"}
{"level":"info","message":"🏥 Health Check: http://localhost:5000/health","service":"akazuba-florist-api","timestamp":"2025-08-16T11:17:09.443Z"}
{"level":"info","message":"Database connected successfully","service":"akazuba-florist-api","timestamp":"2025-08-16T11:18:38.399Z"}
{"level":"info","message":"🚀 Akazuba Florist API server running on port 5000","service":"akazuba-florist-api","timestamp":"2025-08-16T11:18:38.408Z"}
{"level":"info","message":"📚 API Documentation: http://localhost:5000/api-docs","service":"akazuba-florist-api","timestamp":"2025-08-16T11:18:38.409Z"}
{"level":"info","message":"🏥 Health Check: http://localhost:5000/health","service":"akazuba-florist-api","timestamp":"2025-08-16T11:18:38.410Z"}
{"level":"info","message":"Database connected successfully","service":"akazuba-florist-api","timestamp":"2025-08-16T11:19:18.572Z"}
{"level":"info","message":"🚀 Akazuba Florist API server running on port 5000","service":"akazuba-florist-api","timestamp":"2025-08-16T11:19:18.613Z"}
{"level":"info","message":"📚 API Documentation: http://localhost:5000/api-docs","service":"akazuba-florist-api","timestamp":"2025-08-16T11:19:18.622Z"}
{"level":"info","message":"🏥 Health Check: http://localhost:5000/health","service":"akazuba-florist-api","timestamp":"2025-08-16T11:19:18.630Z"}
{"apiUser":"93d37add511f4f3a927628a2470b11c1","baseURL":"https://sandbox.momodeveloper.mtn.com","level":"info","message":"Attempting to get MTN MoMo access token...","service":"akazuba-florist-api","targetEnvironment":"sandbox","timestamp":"2025-08-16T11:19:41.132Z"}
{"level":"info","message":"MTN MoMo token response status:","service":"akazuba-florist-api","timestamp":"2025-08-16T11:19:42.403Z"}
{"errorText":"{ \"statusCode\": 401, \"message\": \"Access denied due to invalid subscription key. Make sure to provide a valid key for an active subscription.\" }","level":"error","message":"MTN MoMo token request failed:","service":"akazuba-florist-api","status":401,"statusText":"Access Denied","timestamp":"2025-08-16T11:19:42.411Z"}
{"level":"error","message":"Failed to get MoMo access token: Token request failed: 401 - { \"statusCode\": 401, \"message\": \"Access denied due to invalid subscription key. Make sure to provide a valid key for an active subscription.\" }","service":"akazuba-florist-api","stack":"Error: Token request failed: 401 - { \"statusCode\": 401, \"message\": \"Access denied due to invalid subscription key. Make sure to provide a valid key for an active subscription.\" }\n    at MoMoController.getAccessToken (D:\\Online Shopping By Diane\\backend\\src\\controllers\\momoController.ts:78:15)\n    at processTicksAndRejections (node:internal/process/task_queues:105:5)\n    at async MoMoController.getAccountBalance (D:\\Online Shopping By Diane\\backend\\src\\controllers\\momoController.ts:297:21)","timestamp":"2025-08-16T11:19:42.416Z"}
{"level":"error","message":"MoMo balance check failed: Failed to authenticate with MTN MoMo API","service":"akazuba-florist-api","stack":"Error: Failed to authenticate with MTN MoMo API\n    at MoMoController.getAccessToken (D:\\Online Shopping By Diane\\backend\\src\\controllers\\momoController.ts:91:13)\n    at processTicksAndRejections (node:internal/process/task_queues:105:5)\n    at async MoMoController.getAccountBalance (D:\\Online Shopping By Diane\\backend\\src\\controllers\\momoController.ts:297:21)","timestamp":"2025-08-16T11:19:42.419Z"}
{"level":"info","message":"SIMULATION MODE: Simulating successful MoMo payment initiation","service":"akazuba-florist-api","timestamp":"2025-08-16T11:19:42.530Z"}
{"amount":1000,"level":"info","message":"MoMo payment initiated successfully (SIMULATED):","phoneNumber":"+250 788 123 456","referenceId":"AKAZUBA-1755343182531-PGTNGJOFD","service":"akazuba-florist-api","timestamp":"2025-08-16T11:19:42.531Z"}
{"apiUser":"93d37add511f4f3a927628a2470b11c1","baseURL":"https://sandbox.momodeveloper.mtn.com","level":"info","message":"Attempting to get MTN MoMo access token...","service":"akazuba-florist-api","targetEnvironment":"sandbox","timestamp":"2025-08-16T11:19:42.556Z"}
{"level":"info","message":"MTN MoMo token response status:","service":"akazuba-florist-api","timestamp":"2025-08-16T11:19:42.722Z"}
{"errorText":"{ \"statusCode\": 401, \"message\": \"Access denied due to invalid subscription key. Make sure to provide a valid key for an active subscription.\" }","level":"error","message":"MTN MoMo token request failed:","service":"akazuba-florist-api","status":401,"statusText":"Access Denied","timestamp":"2025-08-16T11:19:42.724Z"}
{"level":"error","message":"Failed to get MoMo access token: Token request failed: 401 - { \"statusCode\": 401, \"message\": \"Access denied due to invalid subscription key. Make sure to provide a valid key for an active subscription.\" }","service":"akazuba-florist-api","stack":"Error: Token request failed: 401 - { \"statusCode\": 401, \"message\": \"Access denied due to invalid subscription key. Make sure to provide a valid key for an active subscription.\" }\n    at MoMoController.getAccessToken (D:\\Online Shopping By Diane\\backend\\src\\controllers\\momoController.ts:78:15)\n    at processTicksAndRejections (node:internal/process/task_queues:105:5)\n    at async MoMoController.checkPaymentStatus (D:\\Online Shopping By Diane\\backend\\src\\controllers\\momoController.ts:254:21)","timestamp":"2025-08-16T11:19:42.726Z"}
{"level":"error","message":"MoMo status check failed: Failed to authenticate with MTN MoMo API","service":"akazuba-florist-api","stack":"Error: Failed to authenticate with MTN MoMo API\n    at MoMoController.getAccessToken (D:\\Online Shopping By Diane\\backend\\src\\controllers\\momoController.ts:91:13)\n    at processTicksAndRejections (node:internal/process/task_queues:105:5)\n    at async MoMoController.checkPaymentStatus (D:\\Online Shopping By Diane\\backend\\src\\controllers\\momoController.ts:254:21)","timestamp":"2025-08-16T11:19:42.730Z"}
{"level":"info","message":"SIGINT received, shutting down gracefully","service":"akazuba-florist-api","timestamp":"2025-08-16T11:20:08.534Z"}
{"level":"info","message":"Database connected successfully","service":"akazuba-florist-api","timestamp":"2025-08-16T11:20:41.497Z"}
{"level":"info","message":"🚀 Akazuba Florist API server running on port 5000","service":"akazuba-florist-api","timestamp":"2025-08-16T11:20:41.511Z"}
{"level":"info","message":"📚 API Documentation: http://localhost:5000/api-docs","service":"akazuba-florist-api","timestamp":"2025-08-16T11:20:41.512Z"}
{"level":"info","message":"🏥 Health Check: http://localhost:5000/health","service":"akazuba-florist-api","timestamp":"2025-08-16T11:20:41.515Z"}
{"level":"info","message":"Database connected successfully","service":"akazuba-florist-api","timestamp":"2025-08-16T11:36:02.337Z"}
{"level":"info","message":"🚀 Akazuba Florist API server running on port 5000","service":"akazuba-florist-api","timestamp":"2025-08-16T11:36:02.349Z"}
{"level":"info","message":"📚 API Documentation: http://localhost:5000/api-docs","service":"akazuba-florist-api","timestamp":"2025-08-16T11:36:02.350Z"}
{"level":"info","message":"🏥 Health Check: http://localhost:5000/health","service":"akazuba-florist-api","timestamp":"2025-08-16T11:36:02.353Z"}
{"apiUser":"93d37add511f4f3a927628a2470b11c1","baseURL":"https://sandbox.momodeveloper.mtn.com","level":"info","message":"Attempting to get MTN MoMo access token...","service":"akazuba-florist-api","targetEnvironment":"sandbox","timestamp":"2025-08-16T11:48:14.479Z"}
{"level":"info","message":"MTN MoMo token response status:","service":"akazuba-florist-api","timestamp":"2025-08-16T11:48:15.717Z"}
{"errorText":"{ \"statusCode\": 401, \"message\": \"Access denied due to invalid subscription key. Make sure to provide a valid key for an active subscription.\" }","level":"error","message":"MTN MoMo token request failed:","service":"akazuba-florist-api","status":401,"statusText":"Access Denied","timestamp":"2025-08-16T11:48:15.724Z"}
{"level":"error","message":"Failed to get MoMo access token: Token request failed: 401 - { \"statusCode\": 401, \"message\": \"Access denied due to invalid subscription key. Make sure to provide a valid key for an active subscription.\" }","service":"akazuba-florist-api","stack":"Error: Token request failed: 401 - { \"statusCode\": 401, \"message\": \"Access denied due to invalid subscription key. Make sure to provide a valid key for an active subscription.\" }\n    at MoMoController.getAccessToken (D:\\Online Shopping By Diane\\backend\\src\\controllers\\momoController.ts:78:15)\n    at processTicksAndRejections (node:internal/process/task_queues:105:5)\n    at async MoMoController.initiatePayment (D:\\Online Shopping By Diane\\backend\\src\\controllers\\momoController.ts:138:21)","timestamp":"2025-08-16T11:48:15.731Z"}
{"level":"error","message":"MoMo payment initiation failed: Failed to authenticate with MTN MoMo API","service":"akazuba-florist-api","stack":"Error: Failed to authenticate with MTN MoMo API\n    at MoMoController.getAccessToken (D:\\Online Shopping By Diane\\backend\\src\\controllers\\momoController.ts:91:13)\n    at processTicksAndRejections (node:internal/process/task_queues:105:5)\n    at async MoMoController.initiatePayment (D:\\Online Shopping By Diane\\backend\\src\\controllers\\momoController.ts:138:21)","timestamp":"2025-08-16T11:48:15.736Z"}
{"level":"info","message":"SIGINT received, shutting down gracefully","service":"akazuba-florist-api","timestamp":"2025-08-16T11:54:18.983Z"}
{"level":"info","message":"Database connected successfully","service":"akazuba-florist-api","timestamp":"2025-08-16T11:54:40.361Z"}
{"level":"info","message":"🚀 Akazuba Florist API server running on port 5000","service":"akazuba-florist-api","timestamp":"2025-08-16T11:54:40.370Z"}
{"level":"info","message":"📚 API Documentation: http://localhost:5000/api-docs","service":"akazuba-florist-api","timestamp":"2025-08-16T11:54:40.371Z"}
{"level":"info","message":"🏥 Health Check: http://localhost:5000/health","service":"akazuba-florist-api","timestamp":"2025-08-16T11:54:40.371Z"}
{"apiUser":"93d37add511f4f3a927628a2470b11c1","baseURL":"https://sandbox.momodeveloper.mtn.com","level":"info","message":"Attempting to get MTN MoMo access token...","service":"akazuba-florist-api","targetEnvironment":"sandbox","timestamp":"2025-08-16T11:57:52.892Z"}
{"level":"info","message":"MTN MoMo token response status:","service":"akazuba-florist-api","timestamp":"2025-08-16T11:57:53.954Z"}
{"errorText":"{ \"statusCode\": 401, \"message\": \"Access denied due to invalid subscription key. Make sure to provide a valid key for an active subscription.\" }","level":"error","message":"MTN MoMo token request failed:","service":"akazuba-florist-api","status":401,"statusText":"Access Denied","timestamp":"2025-08-16T11:57:53.960Z"}
{"level":"error","message":"Failed to get MoMo access token: Token request failed: 401 - { \"statusCode\": 401, \"message\": \"Access denied due to invalid subscription key. Make sure to provide a valid key for an active subscription.\" }","service":"akazuba-florist-api","stack":"Error: Token request failed: 401 - { \"statusCode\": 401, \"message\": \"Access denied due to invalid subscription key. Make sure to provide a valid key for an active subscription.\" }\n    at MoMoController.getAccessToken (D:\\Online Shopping By Diane\\backend\\src\\controllers\\momoController.ts:78:15)\n    at processTicksAndRejections (node:internal/process/task_queues:105:5)\n    at async MoMoController.initiatePayment (D:\\Online Shopping By Diane\\backend\\src\\controllers\\momoController.ts:138:21)","timestamp":"2025-08-16T11:57:53.968Z"}
{"level":"error","message":"MoMo payment initiation failed: Failed to authenticate with MTN MoMo API","service":"akazuba-florist-api","stack":"Error: Failed to authenticate with MTN MoMo API\n    at MoMoController.getAccessToken (D:\\Online Shopping By Diane\\backend\\src\\controllers\\momoController.ts:91:13)\n    at processTicksAndRejections (node:internal/process/task_queues:105:5)\n    at async MoMoController.initiatePayment (D:\\Online Shopping By Diane\\backend\\src\\controllers\\momoController.ts:138:21)","timestamp":"2025-08-16T11:57:53.979Z"}
{"level":"info","message":"SIGINT received, shutting down gracefully","service":"akazuba-florist-api","timestamp":"2025-08-16T12:00:41.999Z"}
{"level":"info","message":"Database connected successfully","service":"akazuba-florist-api","timestamp":"2025-08-16T12:00:52.839Z"}
{"level":"info","message":"🚀 Akazuba Florist API server running on port 5000","service":"akazuba-florist-api","timestamp":"2025-08-16T12:00:52.847Z"}
{"level":"info","message":"📚 API Documentation: http://localhost:5000/api-docs","service":"akazuba-florist-api","timestamp":"2025-08-16T12:00:52.848Z"}
{"level":"info","message":"🏥 Health Check: http://localhost:5000/health","service":"akazuba-florist-api","timestamp":"2025-08-16T12:00:52.850Z"}
{"apiUser":"93d37add511f4f3a927628a2470b11c1","baseURL":"https://sandbox.momodeveloper.mtn.com","level":"info","message":"Attempting to get MTN MoMo access token...","service":"akazuba-florist-api","targetEnvironment":"sandbox","timestamp":"2025-08-16T12:01:01.847Z"}
{"level":"info","message":"MTN MoMo token response status:","service":"akazuba-florist-api","timestamp":"2025-08-16T12:01:03.114Z"}
{"errorText":"{ \"statusCode\": 401, \"message\": \"Access denied due to invalid subscription key. Make sure to provide a valid key for an active subscription.\" }","level":"error","message":"MTN MoMo token request failed:","service":"akazuba-florist-api","status":401,"statusText":"Access Denied","timestamp":"2025-08-16T12:01:03.123Z"}
{"level":"error","message":"Failed to get MoMo access token: Token request failed: 401 - { \"statusCode\": 401, \"message\": \"Access denied due to invalid subscription key. Make sure to provide a valid key for an active subscription.\" }","service":"akazuba-florist-api","stack":"Error: Token request failed: 401 - { \"statusCode\": 401, \"message\": \"Access denied due to invalid subscription key. Make sure to provide a valid key for an active subscription.\" }\n    at MoMoController.getAccessToken (D:\\Online Shopping By Diane\\backend\\src\\controllers\\momoController.ts:78:15)\n    at processTicksAndRejections (node:internal/process/task_queues:105:5)\n    at async MoMoController.initiatePayment (D:\\Online Shopping By Diane\\backend\\src\\controllers\\momoController.ts:138:21)","timestamp":"2025-08-16T12:01:03.130Z"}
{"level":"error","message":"MoMo payment initiation failed: Failed to authenticate with MTN MoMo API","service":"akazuba-florist-api","stack":"Error: Failed to authenticate with MTN MoMo API\n    at MoMoController.getAccessToken (D:\\Online Shopping By Diane\\backend\\src\\controllers\\momoController.ts:91:13)\n    at processTicksAndRejections (node:internal/process/task_queues:105:5)\n    at async MoMoController.initiatePayment (D:\\Online Shopping By Diane\\backend\\src\\controllers\\momoController.ts:138:21)","timestamp":"2025-08-16T12:01:03.136Z"}
{"level":"info","message":"Database connected successfully","service":"akazuba-florist-api","timestamp":"2025-08-16T12:04:09.300Z"}
{"level":"info","message":"🚀 Akazuba Florist API server running on port 5000","service":"akazuba-florist-api","timestamp":"2025-08-16T12:04:09.327Z"}
{"level":"info","message":"📚 API Documentation: http://localhost:5000/api-docs","service":"akazuba-florist-api","timestamp":"2025-08-16T12:04:09.332Z"}
{"level":"info","message":"🏥 Health Check: http://localhost:5000/health","service":"akazuba-florist-api","timestamp":"2025-08-16T12:04:09.335Z"}
{"level":"info","message":"SIGINT received, shutting down gracefully","service":"akazuba-florist-api","timestamp":"2025-08-16T12:04:13.216Z"}
{"level":"info","message":"Database connected successfully","service":"akazuba-florist-api","timestamp":"2025-08-16T12:08:37.932Z"}
{"level":"info","message":"🚀 Akazuba Florist API server running on port 5000","service":"akazuba-florist-api","timestamp":"2025-08-16T12:08:37.941Z"}
{"level":"info","message":"📚 API Documentation: http://localhost:5000/api-docs","service":"akazuba-florist-api","timestamp":"2025-08-16T12:08:37.941Z"}
{"level":"info","message":"🏥 Health Check: http://localhost:5000/health","service":"akazuba-florist-api","timestamp":"2025-08-16T12:08:37.943Z"}
{"apiUser":"","baseURL":"https://sandbox.momodeveloper.mtn.com","level":"info","message":"Attempting to get MTN MoMo access token...","service":"akazuba-florist-api","targetEnvironment":"sandbox","timestamp":"2025-08-16T12:15:09.421Z"}
{"level":"info","message":"MTN MoMo token response status:","service":"akazuba-florist-api","timestamp":"2025-08-16T12:15:11.160Z"}
{"errorText":"{ \"statusCode\": 401, \"message\": \"Access denied due to invalid subscription key. Make sure to provide a valid key for an active subscription.\" }","level":"error","message":"MTN MoMo token request failed:","service":"akazuba-florist-api","status":401,"statusText":"Access Denied","timestamp":"2025-08-16T12:15:11.165Z"}
{"level":"error","message":"Failed to get MoMo access token: Token request failed: 401 - { \"statusCode\": 401, \"message\": \"Access denied due to invalid subscription key. Make sure to provide a valid key for an active subscription.\" }","service":"akazuba-florist-api","stack":"Error: Token request failed: 401 - { \"statusCode\": 401, \"message\": \"Access denied due to invalid subscription key. Make sure to provide a valid key for an active subscription.\" }\n    at MoMoController.getAccessToken (D:\\Online Shopping By Diane\\backend\\src\\controllers\\momoController.ts:78:15)\n    at processTicksAndRejections (node:internal/process/task_queues:105:5)\n    at async MoMoController.initiatePayment (D:\\Online Shopping By Diane\\backend\\src\\controllers\\momoController.ts:138:21)","timestamp":"2025-08-16T12:15:11.173Z"}
{"level":"error","message":"MoMo payment initiation failed: Failed to authenticate with MTN MoMo API","service":"akazuba-florist-api","stack":"Error: Failed to authenticate with MTN MoMo API\n    at MoMoController.getAccessToken (D:\\Online Shopping By Diane\\backend\\src\\controllers\\momoController.ts:91:13)\n    at processTicksAndRejections (node:internal/process/task_queues:105:5)\n    at async MoMoController.initiatePayment (D:\\Online Shopping By Diane\\backend\\src\\controllers\\momoController.ts:138:21)","timestamp":"2025-08-16T12:15:11.181Z"}
{"level":"info","message":"SIGINT received, shutting down gracefully","service":"akazuba-florist-api","timestamp":"2025-08-16T12:18:56.288Z"}
{"level":"info","message":"Database connected successfully","service":"akazuba-florist-api","timestamp":"2025-08-16T12:20:03.560Z"}
{"level":"info","message":"🚀 Akazuba Florist API server running on port 5000","service":"akazuba-florist-api","timestamp":"2025-08-16T12:20:03.678Z"}
{"level":"info","message":"📚 API Documentation: http://localhost:5000/api-docs","service":"akazuba-florist-api","timestamp":"2025-08-16T12:20:03.727Z"}
{"level":"info","message":"🏥 Health Check: http://localhost:5000/health","service":"akazuba-florist-api","timestamp":"2025-08-16T12:20:03.758Z"}
{"apiUser":"","baseURL":"https://sandbox.momodeveloper.mtn.com","level":"info","message":"Attempting to get MTN MoMo access token...","service":"akazuba-florist-api","targetEnvironment":"sandbox","timestamp":"2025-08-16T12:21:39.132Z"}
{"level":"info","message":"MTN MoMo token response status:","service":"akazuba-florist-api","timestamp":"2025-08-16T12:21:40.592Z"}
{"errorText":"{ \"statusCode\": 401, \"message\": \"Access denied due to invalid subscription key. Make sure to provide a valid key for an active subscription.\" }","level":"error","message":"MTN MoMo token request failed:","service":"akazuba-florist-api","status":401,"statusText":"Access Denied","timestamp":"2025-08-16T12:21:40.607Z"}
{"level":"error","message":"Failed to get MoMo access token: Token request failed: 401 - { \"statusCode\": 401, \"message\": \"Access denied due to invalid subscription key. Make sure to provide a valid key for an active subscription.\" }","service":"akazuba-florist-api","stack":"Error: Token request failed: 401 - { \"statusCode\": 401, \"message\": \"Access denied due to invalid subscription key. Make sure to provide a valid key for an active subscription.\" }\n    at MoMoController.getAccessToken (D:\\Online Shopping By Diane\\backend\\src\\controllers\\momoController.ts:78:15)\n    at processTicksAndRejections (node:internal/process/task_queues:105:5)\n    at async MoMoController.initiatePayment (D:\\Online Shopping By Diane\\backend\\src\\controllers\\momoController.ts:138:21)","timestamp":"2025-08-16T12:21:40.617Z"}
{"level":"error","message":"MoMo payment initiation failed: Failed to authenticate with MTN MoMo API","service":"akazuba-florist-api","stack":"Error: Failed to authenticate with MTN MoMo API\n    at MoMoController.getAccessToken (D:\\Online Shopping By Diane\\backend\\src\\controllers\\momoController.ts:91:13)\n    at processTicksAndRejections (node:internal/process/task_queues:105:5)\n    at async MoMoController.initiatePayment (D:\\Online Shopping By Diane\\backend\\src\\controllers\\momoController.ts:138:21)","timestamp":"2025-08-16T12:21:40.633Z"}
{"level":"info","message":"SIGINT received, shutting down gracefully","service":"akazuba-florist-api","timestamp":"2025-08-16T12:25:30.200Z"}
{"level":"info","message":"Database connected successfully","service":"akazuba-florist-api","timestamp":"2025-08-16T12:26:26.065Z"}
{"level":"info","message":"🚀 Akazuba Florist API server running on port 5000","service":"akazuba-florist-api","timestamp":"2025-08-16T12:26:26.095Z"}
{"level":"info","message":"📚 API Documentation: http://localhost:5000/api-docs","service":"akazuba-florist-api","timestamp":"2025-08-16T12:26:26.153Z"}
{"level":"info","message":"🏥 Health Check: http://localhost:5000/health","service":"akazuba-florist-api","timestamp":"2025-08-16T12:26:26.189Z"}
{"apiUser":"","baseURL":"https://sandbox.momodeveloper.mtn.com","level":"info","message":"Attempting to get MTN MoMo access token...","service":"akazuba-florist-api","targetEnvironment":"sandbox","timestamp":"2025-08-16T12:27:38.177Z"}
{"level":"info","message":"MTN MoMo token response status:","service":"akazuba-florist-api","timestamp":"2025-08-16T12:27:40.351Z"}
{"errorText":"{ \"statusCode\": 401, \"message\": \"Access denied due to invalid subscription key. Make sure to provide a valid key for an active subscription.\" }","level":"error","message":"MTN MoMo token request failed:","service":"akazuba-florist-api","status":401,"statusText":"Access Denied","timestamp":"2025-08-16T12:27:40.359Z"}
{"level":"error","message":"Failed to get MoMo access token: Token request failed: 401 - { \"statusCode\": 401, \"message\": \"Access denied due to invalid subscription key. Make sure to provide a valid key for an active subscription.\" }","service":"akazuba-florist-api","stack":"Error: Token request failed: 401 - { \"statusCode\": 401, \"message\": \"Access denied due to invalid subscription key. Make sure to provide a valid key for an active subscription.\" }\n    at MoMoController.getAccessToken (D:\\Online Shopping By Diane\\backend\\src\\controllers\\momoController.ts:78:15)\n    at processTicksAndRejections (node:internal/process/task_queues:105:5)\n    at async MoMoController.initiatePayment (D:\\Online Shopping By Diane\\backend\\src\\controllers\\momoController.ts:138:21)","timestamp":"2025-08-16T12:27:40.377Z"}
{"level":"error","message":"MoMo payment initiation failed: Failed to authenticate with MTN MoMo API","service":"akazuba-florist-api","stack":"Error: Failed to authenticate with MTN MoMo API\n    at MoMoController.getAccessToken (D:\\Online Shopping By Diane\\backend\\src\\controllers\\momoController.ts:91:13)\n    at processTicksAndRejections (node:internal/process/task_queues:105:5)\n    at async MoMoController.initiatePayment (D:\\Online Shopping By Diane\\backend\\src\\controllers\\momoController.ts:138:21)","timestamp":"2025-08-16T12:27:40.383Z"}
{"level":"info","message":"SIGINT received, shutting down gracefully","service":"akazuba-florist-api","timestamp":"2025-08-16T12:36:28.437Z"}
{"level":"info","message":"Database connected successfully","service":"akazuba-florist-api","timestamp":"2025-08-16T12:37:28.364Z"}
{"level":"info","message":"🚀 Akazuba Florist API server running on port 5000","service":"akazuba-florist-api","timestamp":"2025-08-16T12:37:28.380Z"}
{"level":"info","message":"📚 API Documentation: http://localhost:5000/api-docs","service":"akazuba-florist-api","timestamp":"2025-08-16T12:37:28.382Z"}
{"level":"info","message":"🏥 Health Check: http://localhost:5000/health","service":"akazuba-florist-api","timestamp":"2025-08-16T12:37:28.384Z"}
{"apiUser":"","baseURL":"https://sandbox.momodeveloper.mtn.com","level":"info","message":"Attempting to get MTN MoMo access token...","service":"akazuba-florist-api","targetEnvironment":"sandbox","timestamp":"2025-08-16T12:39:16.891Z"}
{"level":"info","message":"MTN MoMo token response status:","service":"akazuba-florist-api","timestamp":"2025-08-16T12:39:18.366Z"}
{"errorText":"{ \"statusCode\": 401, \"message\": \"Access denied due to invalid subscription key. Make sure to provide a valid key for an active subscription.\" }","level":"error","message":"MTN MoMo token request failed:","service":"akazuba-florist-api","status":401,"statusText":"Access Denied","timestamp":"2025-08-16T12:39:18.372Z"}
{"level":"error","message":"Failed to get MoMo access token: Token request failed: 401 - { \"statusCode\": 401, \"message\": \"Access denied due to invalid subscription key. Make sure to provide a valid key for an active subscription.\" }","service":"akazuba-florist-api","stack":"Error: Token request failed: 401 - { \"statusCode\": 401, \"message\": \"Access denied due to invalid subscription key. Make sure to provide a valid key for an active subscription.\" }\n    at MoMoController.getAccessToken (D:\\Online Shopping By Diane\\backend\\src\\controllers\\momoController.ts:78:15)\n    at processTicksAndRejections (node:internal/process/task_queues:105:5)\n    at async MoMoController.initiatePayment (D:\\Online Shopping By Diane\\backend\\src\\controllers\\momoController.ts:138:21)","timestamp":"2025-08-16T12:39:18.380Z"}
{"level":"error","message":"MoMo payment initiation failed: Failed to authenticate with MTN MoMo API","service":"akazuba-florist-api","stack":"Error: Failed to authenticate with MTN MoMo API\n    at MoMoController.getAccessToken (D:\\Online Shopping By Diane\\backend\\src\\controllers\\momoController.ts:91:13)\n    at processTicksAndRejections (node:internal/process/task_queues:105:5)\n    at async MoMoController.initiatePayment (D:\\Online Shopping By Diane\\backend\\src\\controllers\\momoController.ts:138:21)","timestamp":"2025-08-16T12:39:18.384Z"}
{"level":"info","message":"SIGINT received, shutting down gracefully","service":"akazuba-florist-api","timestamp":"2025-08-16T14:22:01.215Z"}
{"clientVersion":"5.22.0","errorCode":"P1012","level":"error","message":"Failed to start server: \u001b[1;91merror\u001b[0m: \u001b[1mEnvironment variable not found: DATABASE_URL.\u001b[0m\n  \u001b[1;94m-->\u001b[0m  \u001b[4mschema.prisma:10\u001b[0m\n\u001b[1;94m   | \u001b[0m\n\u001b[1;94m 9 | \u001b[0m  provider = \"postgresql\"\n\u001b[1;94m10 | \u001b[0m  url      = \u001b[1;91menv(\"DATABASE_URL\")\u001b[0m\n\u001b[1;94m   | \u001b[0m\n\nValidation Error Count: 1","name":"PrismaClientInitializationError","service":"akazuba-florist-api","stack":"PrismaClientInitializationError: \u001b[1;91merror\u001b[0m: \u001b[1mEnvironment variable not found: DATABASE_URL.\u001b[0m\n  \u001b[1;94m-->\u001b[0m  \u001b[4mschema.prisma:10\u001b[0m\n\u001b[1;94m   | \u001b[0m\n\u001b[1;94m 9 | \u001b[0m  provider = \"postgresql\"\n\u001b[1;94m10 | \u001b[0m  url      = \u001b[1;91menv(\"DATABASE_URL\")\u001b[0m\n\u001b[1;94m   | \u001b[0m\n\nValidation Error Count: 1\n    at t (D:\\Online Shopping By Diane\\backend\\node_modules\\@prisma\\client\\runtime\\library.js:112:2488)\n    at async startServer (D:\\Online Shopping By Diane\\backend\\src\\index.ts:128:5)","timestamp":"2025-08-16T15:30:24.526Z"}
{"level":"info","message":"Database connected successfully","service":"akazuba-florist-api","timestamp":"2025-08-16T15:37:49.930Z"}
{"level":"info","message":"🚀 Akazuba Florist API server running on port 5000","service":"akazuba-florist-api","timestamp":"2025-08-16T15:37:49.943Z"}
{"level":"info","message":"📚 API Documentation: http://localhost:5000/api-docs","service":"akazuba-florist-api","timestamp":"2025-08-16T15:37:49.947Z"}
{"level":"info","message":"🏥 Health Check: http://localhost:5000/health","service":"akazuba-florist-api","timestamp":"2025-08-16T15:37:49.948Z"}
{"level":"info","message":"SIGINT received, shutting down gracefully","service":"akazuba-florist-api","timestamp":"2025-08-16T15:38:23.217Z"}
{"level":"info","message":"Database connected successfully","service":"akazuba-florist-api","timestamp":"2025-08-16T15:38:45.897Z"}
{"level":"info","message":"🚀 Akazuba Florist API server running on port 5000","service":"akazuba-florist-api","timestamp":"2025-08-16T15:38:45.930Z"}
{"level":"info","message":"📚 API Documentation: http://localhost:5000/api-docs","service":"akazuba-florist-api","timestamp":"2025-08-16T15:38:45.933Z"}
{"level":"info","message":"🏥 Health Check: http://localhost:5000/health","service":"akazuba-florist-api","timestamp":"2025-08-16T15:38:45.937Z"}
{"level":"info","message":"SIGINT received, shutting down gracefully","service":"akazuba-florist-api","timestamp":"2025-08-16T19:00:10.790Z"}
{"level":"info","message":"Database connected successfully","service":"akazuba-florist-api","timestamp":"2025-08-16T19:00:39.578Z"}
{"level":"info","message":"🚀 Akazuba Florist API server running on port 5000","service":"akazuba-florist-api","timestamp":"2025-08-16T19:00:39.594Z"}
{"level":"info","message":"📚 API Documentation: http://localhost:5000/api-docs","service":"akazuba-florist-api","timestamp":"2025-08-16T19:00:39.597Z"}
{"level":"info","message":"🏥 Health Check: http://localhost:5000/health","service":"akazuba-florist-api","timestamp":"2025-08-16T19:00:39.598Z"}
{"level":"info","message":"SIGINT received, shutting down gracefully","service":"akazuba-florist-api","timestamp":"2025-08-16T19:10:28.553Z"}
{"level":"info","message":"Database connected successfully","service":"akazuba-florist-api","timestamp":"2025-08-16T19:10:52.060Z"}
{"level":"info","message":"🚀 Akazuba Florist API server running on port 5000","service":"akazuba-florist-api","timestamp":"2025-08-16T19:10:52.143Z"}
{"level":"info","message":"📚 API Documentation: http://localhost:5000/api-docs","service":"akazuba-florist-api","timestamp":"2025-08-16T19:10:52.160Z"}
{"level":"info","message":"🏥 Health Check: http://localhost:5000/health","service":"akazuba-florist-api","timestamp":"2025-08-16T19:10:52.209Z"}
{"level":"info","message":"Database connected successfully","service":"akazuba-florist-api","timestamp":"2025-08-16T19:18:19.200Z"}
{"level":"info","message":"🚀 Akazuba Florist API server running on port 5000","service":"akazuba-florist-api","timestamp":"2025-08-16T19:18:19.209Z"}
{"level":"info","message":"📚 API Documentation: http://localhost:5000/api-docs","service":"akazuba-florist-api","timestamp":"2025-08-16T19:18:19.210Z"}
{"level":"info","message":"🏥 Health Check: http://localhost:5000/health","service":"akazuba-florist-api","timestamp":"2025-08-16T19:18:19.211Z"}
{"level":"info","message":"SIGINT received, shutting down gracefully","service":"akazuba-florist-api","timestamp":"2025-08-16T21:03:05.192Z"}
{"level":"info","message":"Database connected successfully","service":"akazuba-florist-api","timestamp":"2025-08-16T21:04:23.447Z"}
{"level":"info","message":"🚀 Akazuba Florist API server running on port 5000","service":"akazuba-florist-api","timestamp":"2025-08-16T21:04:23.455Z"}
{"level":"info","message":"📚 API Documentation: http://localhost:5000/api-docs","service":"akazuba-florist-api","timestamp":"2025-08-16T21:04:23.456Z"}
{"level":"info","message":"🏥 Health Check: http://localhost:5000/health","service":"akazuba-florist-api","timestamp":"2025-08-16T21:04:23.457Z"}
{"clientVersion":"5.22.0","errorCode":"P1012","level":"error","message":"Failed to start server: \u001b[1;91merror\u001b[0m: \u001b[1mEnvironment variable not found: DATABASE_URL.\u001b[0m\n  \u001b[1;94m-->\u001b[0m  \u001b[4mschema.prisma:10\u001b[0m\n\u001b[1;94m   | \u001b[0m\n\u001b[1;94m 9 | \u001b[0m  provider = \"postgresql\"\n\u001b[1;94m10 | \u001b[0m  url      = \u001b[1;91menv(\"DATABASE_URL\")\u001b[0m\n\u001b[1;94m   | \u001b[0m\n\nValidation Error Count: 1","name":"PrismaClientInitializationError","service":"akazuba-florist-api","stack":"PrismaClientInitializationError: \u001b[1;91merror\u001b[0m: \u001b[1mEnvironment variable not found: DATABASE_URL.\u001b[0m\n  \u001b[1;94m-->\u001b[0m  \u001b[4mschema.prisma:10\u001b[0m\n\u001b[1;94m   | \u001b[0m\n\u001b[1;94m 9 | \u001b[0m  provider = \"postgresql\"\n\u001b[1;94m10 | \u001b[0m  url      = \u001b[1;91menv(\"DATABASE_URL\")\u001b[0m\n\u001b[1;94m   | \u001b[0m\n\nValidation Error Count: 1\n    at t (D:\\Online Shopping By Diane\\backend\\node_modules\\@prisma\\client\\runtime\\library.js:112:2488)\n    at async startServer (D:\\Online Shopping By Diane\\backend\\src\\index.ts:128:5)","timestamp":"2025-08-16T21:55:09.828Z"}
{"level":"info","message":"Database connected successfully","service":"akazuba-florist-api","timestamp":"2025-08-16T22:00:55.937Z"}
{"level":"info","message":"🚀 Akazuba Florist API server running on port 5000","service":"akazuba-florist-api","timestamp":"2025-08-16T22:00:55.945Z"}
{"level":"info","message":"📚 API Documentation: http://localhost:5000/api-docs","service":"akazuba-florist-api","timestamp":"2025-08-16T22:00:55.946Z"}
{"level":"info","message":"🏥 Health Check: http://localhost:5000/health","service":"akazuba-florist-api","timestamp":"2025-08-16T22:00:55.948Z"}
{"level":"info","message":"Database connected successfully","service":"akazuba-florist-api","timestamp":"2025-08-17T07:21:22.553Z"}
{"level":"info","message":"🚀 Akazuba Florist API server running on port 5000","service":"akazuba-florist-api","timestamp":"2025-08-17T07:21:22.562Z"}
{"level":"info","message":"📚 API Documentation: http://localhost:5000/api-docs","service":"akazuba-florist-api","timestamp":"2025-08-17T07:21:22.564Z"}
{"level":"info","message":"🏥 Health Check: http://localhost:5000/health","service":"akazuba-florist-api","timestamp":"2025-08-17T07:21:22.564Z"}
{"level":"info","message":"Database connected successfully","service":"akazuba-florist-api","timestamp":"2025-08-17T08:46:23.623Z"}
{"level":"info","message":"🚀 Akazuba Florist API server running on port 5000","service":"akazuba-florist-api","timestamp":"2025-08-17T08:46:23.652Z"}
{"level":"info","message":"📚 API Documentation: http://localhost:5000/api-docs","service":"akazuba-florist-api","timestamp":"2025-08-17T08:46:23.654Z"}
{"level":"info","message":"🏥 Health Check: http://localhost:5000/health","service":"akazuba-florist-api","timestamp":"2025-08-17T08:46:23.654Z"}
{"level":"info","message":"Database connected successfully","service":"akazuba-florist-api","timestamp":"2025-08-17T08:47:21.814Z"}
{"clientVersion":"5.22.0","code":"P2002","level":"error","message":"Login error: \nInvalid `prisma.refreshToken.create()` invocation in\nD:\\Online Shopping By Diane\\backend\\src\\controllers\\authController.ts:185:31\n\n  182 const { accessToken, refreshToken } = generateTokens(user.id, user.role)\n  183 \n  184 // Store refresh token\n→ 185 await prisma.refreshToken.create(\nUnique constraint failed on the fields: (`token`)","meta":{"modelName":"RefreshToken","target":["token"]},"name":"PrismaClientKnownRequestError","service":"akazuba-florist-api","stack":"PrismaClientKnownRequestError: \nInvalid `prisma.refreshToken.create()` invocation in\nD:\\Online Shopping By Diane\\backend\\src\\controllers\\authController.ts:185:31\n\n  182 const { accessToken, refreshToken } = generateTokens(user.id, user.role)\n  183 \n  184 // Store refresh token\n→ 185 await prisma.refreshToken.create(\nUnique constraint failed on the fields: (`token`)\n    at $n.handleRequestError (D:\\Online Shopping By Diane\\backend\\node_modules\\@prisma\\client\\runtime\\library.js:121:7315)\n    at $n.handleAndLogRequestError (D:\\Online Shopping By Diane\\backend\\node_modules\\@prisma\\client\\runtime\\library.js:121:6623)\n    at $n.request (D:\\Online Shopping By Diane\\backend\\node_modules\\@prisma\\client\\runtime\\library.js:121:6307)\n    at async l (D:\\Online Shopping By Diane\\backend\\node_modules\\@prisma\\client\\runtime\\library.js:130:9633)\n    at async login (D:\\Online Shopping By Diane\\backend\\src\\controllers\\authController.ts:185:5)","timestamp":"2025-08-17T08:48:26.992Z"}
{"level":"info","message":"Database connected successfully","service":"akazuba-florist-api","timestamp":"2025-08-17T08:56:35.882Z"}
{"level":"info","message":"Database connected successfully","service":"akazuba-florist-api","timestamp":"2025-08-17T09:05:42.703Z"}
{"level":"info","message":"Database connected successfully","service":"akazuba-florist-api","timestamp":"2025-08-17T09:07:27.978Z"}
{"level":"info","message":"🚀 Akazuba Florist API server running on port 5000","service":"akazuba-florist-api","timestamp":"2025-08-17T09:07:28.007Z"}
{"level":"info","message":"📚 API Documentation: http://localhost:5000/api-docs","service":"akazuba-florist-api","timestamp":"2025-08-17T09:07:28.072Z"}
{"level":"info","message":"🏥 Health Check: http://localhost:5000/health","service":"akazuba-florist-api","timestamp":"2025-08-17T09:07:28.077Z"}
{"level":"info","message":"SIGINT received, shutting down gracefully","service":"akazuba-florist-api","timestamp":"2025-08-17T09:08:36.236Z"}
{"level":"info","message":"Database connected successfully","service":"akazuba-florist-api","timestamp":"2025-08-17T09:09:21.374Z"}
{"level":"info","message":"🚀 Akazuba Florist API server running on port 5000","service":"akazuba-florist-api","timestamp":"2025-08-17T09:09:21.426Z"}
{"level":"info","message":"📚 API Documentation: http://localhost:5000/api-docs","service":"akazuba-florist-api","timestamp":"2025-08-17T09:09:21.429Z"}
{"level":"info","message":"🏥 Health Check: http://localhost:5000/health","service":"akazuba-florist-api","timestamp":"2025-08-17T09:09:21.430Z"}
{"level":"info","message":"Database connected successfully","service":"akazuba-florist-api","timestamp":"2025-08-17T09:19:16.580Z"}
{"level":"info","message":"Database connected successfully","service":"akazuba-florist-api","timestamp":"2025-08-17T09:54:40.784Z"}
{"level":"info","message":"Database connected successfully","service":"akazuba-florist-api","timestamp":"2025-08-17T09:55:16.680Z"}
{"level":"info","message":"🚀 Akazuba Florist API server running on port 5000","service":"akazuba-florist-api","timestamp":"2025-08-17T09:55:16.688Z"}
{"level":"info","message":"📚 API Documentation: http://localhost:5000/api-docs","service":"akazuba-florist-api","timestamp":"2025-08-17T09:55:16.689Z"}
{"level":"info","message":"🏥 Health Check: http://localhost:5000/health","service":"akazuba-florist-api","timestamp":"2025-08-17T09:55:16.690Z"}
{"level":"info","message":"Database connected successfully","service":"akazuba-florist-api","timestamp":"2025-08-17T10:42:20.851Z"}
{"level":"info","message":"🚀 Akazuba Florist API server running on port 5000","service":"akazuba-florist-api","timestamp":"2025-08-17T10:42:20.861Z"}
{"level":"info","message":"📚 API Documentation: http://localhost:5000/api-docs","service":"akazuba-florist-api","timestamp":"2025-08-17T10:42:20.862Z"}
{"level":"info","message":"🏥 Health Check: http://localhost:5000/health","service":"akazuba-florist-api","timestamp":"2025-08-17T10:42:20.863Z"}
{"level":"info","message":"Database connected successfully","service":"akazuba-florist-api","timestamp":"2025-08-17T16:10:29.441Z"}
{"level":"info","message":"🚀 Akazuba Florist API server running on port 5000","service":"akazuba-florist-api","timestamp":"2025-08-17T16:10:29.517Z"}
{"level":"info","message":"📚 API Documentation: http://localhost:5000/api-docs","service":"akazuba-florist-api","timestamp":"2025-08-17T16:10:29.520Z"}
{"level":"info","message":"🏥 Health Check: http://localhost:5000/health","service":"akazuba-florist-api","timestamp":"2025-08-17T16:10:29.523Z"}
{"level":"info","message":"SIGINT received, shutting down gracefully","service":"akazuba-florist-api","timestamp":"2025-08-17T16:50:34.816Z"}
{"level":"info","message":"Database connected successfully","service":"akazuba-florist-api","timestamp":"2025-08-18T11:51:29.883Z"}
{"level":"info","message":"🚀 Akazuba Florist API server running on port 5000","service":"akazuba-florist-api","timestamp":"2025-08-18T11:51:29.891Z"}
{"level":"info","message":"📚 API Documentation: http://localhost:5000/api-docs","service":"akazuba-florist-api","timestamp":"2025-08-18T11:51:29.892Z"}
{"level":"info","message":"🏥 Health Check: http://localhost:5000/health","service":"akazuba-florist-api","timestamp":"2025-08-18T11:51:29.893Z"}
{"level":"info","message":"Database connected successfully","service":"akazuba-florist-api","timestamp":"2025-08-18T16:57:44.877Z"}
{"level":"info","message":"🚀 Akazuba Florist API server running on port 5000","service":"akazuba-florist-api","timestamp":"2025-08-18T16:57:44.905Z"}
{"level":"info","message":"📚 API Documentation: http://localhost:5000/api-docs","service":"akazuba-florist-api","timestamp":"2025-08-18T16:57:44.907Z"}
{"level":"info","message":"🏥 Health Check: http://localhost:5000/health","service":"akazuba-florist-api","timestamp":"2025-08-18T16:57:44.909Z"}
{"level":"info","message":"Database connected successfully","service":"akazuba-florist-api","timestamp":"2025-08-18T16:59:19.356Z"}
{"level":"info","message":"🚀 Akazuba Florist API server running on port 5000","service":"akazuba-florist-api","timestamp":"2025-08-18T16:59:19.372Z"}
{"level":"info","message":"📚 API Documentation: http://localhost:5000/api-docs","service":"akazuba-florist-api","timestamp":"2025-08-18T16:59:19.374Z"}
{"level":"info","message":"🏥 Health Check: http://localhost:5000/health","service":"akazuba-florist-api","timestamp":"2025-08-18T16:59:19.381Z"}
{"level":"info","message":"Database connected successfully","service":"akazuba-florist-api","timestamp":"2025-08-18T16:59:32.807Z"}
{"level":"info","message":"Database connected successfully","service":"akazuba-florist-api","timestamp":"2025-08-18T17:03:19.427Z"}
{"level":"info","message":"🚀 Akazuba Florist API server running on port 5000","service":"akazuba-florist-api","timestamp":"2025-08-18T17:03:19.441Z"}
{"level":"info","message":"📚 API Documentation: http://localhost:5000/api-docs","service":"akazuba-florist-api","timestamp":"2025-08-18T17:03:19.441Z"}
{"level":"info","message":"🏥 Health Check: http://localhost:5000/health","service":"akazuba-florist-api","timestamp":"2025-08-18T17:03:19.443Z"}
{"level":"info","message":"Database connected successfully","service":"akazuba-florist-api","timestamp":"2025-08-18T17:10:28.665Z"}
{"level":"info","message":"🚀 Akazuba Florist API server running on port 5000","service":"akazuba-florist-api","timestamp":"2025-08-18T17:10:28.685Z"}
{"level":"info","message":"📚 API Documentation: http://localhost:5000/api-docs","service":"akazuba-florist-api","timestamp":"2025-08-18T17:10:28.693Z"}
{"level":"info","message":"🏥 Health Check: http://localhost:5000/health","service":"akazuba-florist-api","timestamp":"2025-08-18T17:10:28.703Z"}
{"apiUser":"93d37add511f4f3a927628a2470b11c1","baseURL":"https://sandbox.momodeveloper.mtn.com","level":"info","message":"Attempting to get MTN MoMo access token...","service":"akazuba-florist-api","targetEnvironment":"sandbox","timestamp":"2025-08-18T17:12:22.652Z"}
{"level":"info","message":"MTN MoMo token response status:","service":"akazuba-florist-api","timestamp":"2025-08-18T17:12:24.249Z"}
{"errorText":"{ \"statusCode\": 401, \"message\": \"Access denied due to invalid subscription key. Make sure to provide a valid key for an active subscription.\" }","level":"error","message":"MTN MoMo token request failed:","service":"akazuba-florist-api","status":401,"statusText":"Access Denied","timestamp":"2025-08-18T17:12:24.295Z"}
{"level":"error","message":"Failed to get MoMo access token: Token request failed: 401 - { \"statusCode\": 401, \"message\": \"Access denied due to invalid subscription key. Make sure to provide a valid key for an active subscription.\" }","service":"akazuba-florist-api","stack":"Error: Token request failed: 401 - { \"statusCode\": 401, \"message\": \"Access denied due to invalid subscription key. Make sure to provide a valid key for an active subscription.\" }\n    at MoMoController.getAccessToken (D:\\Online Shopping By Diane\\backend\\src\\controllers\\momoController.ts:78:15)\n    at processTicksAndRejections (node:internal/process/task_queues:105:5)\n    at async MoMoController.initiatePayment (D:\\Online Shopping By Diane\\backend\\src\\controllers\\momoController.ts:138:21)","timestamp":"2025-08-18T17:12:24.435Z"}
{"level":"error","message":"MoMo payment initiation failed: Failed to authenticate with MTN MoMo API","service":"akazuba-florist-api","stack":"Error: Failed to authenticate with MTN MoMo API\n    at MoMoController.getAccessToken (D:\\Online Shopping By Diane\\backend\\src\\controllers\\momoController.ts:91:13)\n    at processTicksAndRejections (node:internal/process/task_queues:105:5)\n    at async MoMoController.initiatePayment (D:\\Online Shopping By Diane\\backend\\src\\controllers\\momoController.ts:138:21)","timestamp":"2025-08-18T17:12:24.443Z"}
{"level":"info","message":"SIGINT received, shutting down gracefully","service":"akazuba-florist-api","timestamp":"2025-08-18T17:14:42.538Z"}
{"level":"info","message":"Database connected successfully","service":"akazuba-florist-api","timestamp":"2025-08-18T17:15:02.708Z"}
{"level":"info","message":"🚀 Akazuba Florist API server running on port 5000","service":"akazuba-florist-api","timestamp":"2025-08-18T17:15:02.725Z"}
{"level":"info","message":"📚 API Documentation: http://localhost:5000/api-docs","service":"akazuba-florist-api","timestamp":"2025-08-18T17:15:02.727Z"}
{"level":"info","message":"🏥 Health Check: http://localhost:5000/health","service":"akazuba-florist-api","timestamp":"2025-08-18T17:15:02.729Z"}
